>> 开始创建通道......
>>>> 使用每个org的管理员身份更新锚节点配置...
>>>> 使用每个org的管理员身份更新锚节点配置完成
>> 创建通道成功
>> 加入通道......
>> 加入通道成功
>> 开始打包链码......
>> 打包链码成功
>> 开始安装链码......
>> 安装链码成功
>> 组织认可智能合约定义......
>>> chaincode approved by Org1 peers:
	peer0.org1.example.com:7051
	peer1.org1.example.com:9051
>> 组织认可智能合约定义完成
>> 检查智能合约是否就绪......
LifecycleCheckCCCommitReadiness cc = nft, = {map[Org1MSP:true]}
LifecycleCheckCCCommitReadiness cc = nft, = {map[Org1MSP:true]}
>> 智能合约已经就绪
>> 提交智能合约定义......
>> 智能合约定义提交完成
>> 调用智能合约初始化方法......
>> 完成智能合约初始化
>> 通过链码外部服务设置链码状态，chaincode ID: nft ...
>> 设置链码状态完成，chaincode ID: nft
>> 开始打包链码......
>> 打包链码成功
>> 开始安装链码......
>> 安装链码成功
>> 组织认可智能合约定义......
>>> chaincode approved by Org1 peers:
	peer0.org1.example.com:7051
	peer1.org1.example.com:9051
>> 组织认可智能合约定义完成
>> 检查智能合约是否就绪......
LifecycleCheckCCCommitReadiness cc = image, = {map[Org1MSP:true]}
LifecycleCheckCCCommitReadiness cc = image, = {map[Org1MSP:true]}
>> 智能合约已经就绪
>> 提交智能合约定义......
>> 智能合约定义提交完成
>> 调用智能合约初始化方法......
>> 完成智能合约初始化
>> 通过链码外部服务设置链码状态，chaincode ID: image ...
>> 设置链码状态完成，chaincode ID: image
2023/07/17 10:42:38 Registered block event
2023/07/17 10:42:38 Listening on http://localhost:9000
2023/07/17 11:03:13 Receive block event:
SourceURL: peer0.org1.example.com:7051
Number: 8
Hash: 0d9191d03ff4b3a99f510b5eb77d5c9dcfa1aa2d83d05d504347daafae8b8e4c
PreviousHash: b633477f084a393bc6f3b8febb5be92ecab6acc68719e6edbda14d3f8a1d4838

